mode: atomic
github.com/mcnijman/go-exactonline/api/client.go:41.49,42.23 1 14
github.com/mcnijman/go-exactonline/api/client.go:46.2,49.10 3 14
github.com/mcnijman/go-exactonline/api/client.go:42.23,44.3 1 14
github.com/mcnijman/go-exactonline/api/client.go:53.62,54.62 1 17
github.com/mcnijman/go-exactonline/api/client.go:58.2,58.45 1 17
github.com/mcnijman/go-exactonline/api/client.go:62.2,62.32 1 16
github.com/mcnijman/go-exactonline/api/client.go:54.62,56.3 1 0
github.com/mcnijman/go-exactonline/api/client.go:58.45,60.3 1 1
github.com/mcnijman/go-exactonline/api/client.go:66.87,69.2 2 0
github.com/mcnijman/go-exactonline/api/client.go:75.93,77.21 2 17
github.com/mcnijman/go-exactonline/api/client.go:80.2,81.17 2 15
github.com/mcnijman/go-exactonline/api/client.go:88.2,89.16 2 14
github.com/mcnijman/go-exactonline/api/client.go:92.2,92.17 1 14
github.com/mcnijman/go-exactonline/api/client.go:95.2,96.23 2 14
github.com/mcnijman/go-exactonline/api/client.go:99.2,99.17 1 14
github.com/mcnijman/go-exactonline/api/client.go:77.21,79.3 1 2
github.com/mcnijman/go-exactonline/api/client.go:81.17,84.17 3 2
github.com/mcnijman/go-exactonline/api/client.go:84.17,86.4 1 1
github.com/mcnijman/go-exactonline/api/client.go:89.16,91.3 1 0
github.com/mcnijman/go-exactonline/api/client.go:92.17,94.3 1 1
github.com/mcnijman/go-exactonline/api/client.go:96.23,98.3 1 13
github.com/mcnijman/go-exactonline/api/client.go:107.100,110.16 3 10
github.com/mcnijman/go-exactonline/api/client.go:121.2,123.68 2 8
github.com/mcnijman/go-exactonline/api/client.go:127.2,127.14 1 2
github.com/mcnijman/go-exactonline/api/client.go:144.2,144.18 1 2
github.com/mcnijman/go-exactonline/api/client.go:110.16,113.10 1 2
github.com/mcnijman/go-exactonline/api/client.go:119.3,119.18 1 1
github.com/mcnijman/go-exactonline/api/client.go:114.21,115.25 1 1
github.com/mcnijman/go-exactonline/api/client.go:116.11,116.11 0 1
github.com/mcnijman/go-exactonline/api/client.go:123.68,125.3 1 6
github.com/mcnijman/go-exactonline/api/client.go:127.14,128.33 1 2
github.com/mcnijman/go-exactonline/api/client.go:128.33,130.22 2 0
github.com/mcnijman/go-exactonline/api/client.go:130.22,132.5 1 0
github.com/mcnijman/go-exactonline/api/client.go:133.9,135.24 2 2
github.com/mcnijman/go-exactonline/api/client.go:138.4,138.21 1 2
github.com/mcnijman/go-exactonline/api/client.go:135.24,137.5 1 1
github.com/mcnijman/go-exactonline/api/client.go:138.21,140.5 1 0
github.com/mcnijman/go-exactonline/api/client.go:148.138,150.14 2 0
github.com/mcnijman/go-exactonline/api/client.go:153.2,154.22 2 0
github.com/mcnijman/go-exactonline/api/client.go:150.14,152.3 1 0
github.com/mcnijman/go-exactonline/api/client.go:158.140,161.16 3 0
github.com/mcnijman/go-exactonline/api/client.go:165.2,165.14 1 0
github.com/mcnijman/go-exactonline/api/client.go:169.2,169.37 1 0
github.com/mcnijman/go-exactonline/api/client.go:161.16,163.3 1 0
github.com/mcnijman/go-exactonline/api/client.go:165.14,167.3 1 0
github.com/mcnijman/go-exactonline/api/client.go:173.95,176.16 3 0
github.com/mcnijman/go-exactonline/api/client.go:180.2,181.17 2 0
github.com/mcnijman/go-exactonline/api/client.go:191.2,192.12 2 0
github.com/mcnijman/go-exactonline/api/client.go:176.16,178.3 1 0
github.com/mcnijman/go-exactonline/api/client.go:181.17,184.18 3 0
github.com/mcnijman/go-exactonline/api/client.go:187.3,188.21 2 0
github.com/mcnijman/go-exactonline/api/client.go:184.18,186.4 1 0
github.com/mcnijman/go-exactonline/api/client.go:195.69,197.16 2 0
github.com/mcnijman/go-exactonline/api/client.go:201.2,202.12 2 0
github.com/mcnijman/go-exactonline/api/client.go:197.16,199.3 1 0
github.com/mcnijman/go-exactonline/api/client.go:205.60,206.52 1 8
github.com/mcnijman/go-exactonline/api/client.go:217.2,218.79 1 7
github.com/mcnijman/go-exactonline/api/client.go:222.2,222.12 1 2
github.com/mcnijman/go-exactonline/api/client.go:206.52,209.15 3 1
github.com/mcnijman/go-exactonline/api/client.go:213.3,214.29 1 0
github.com/mcnijman/go-exactonline/api/client.go:209.15,212.4 1 1
github.com/mcnijman/go-exactonline/api/client.go:218.79,220.3 1 5
github.com/mcnijman/go-exactonline/services/accountancy/involved_user_roles.go:63.117,66.9 3 2
github.com/mcnijman/go-exactonline/services/accountancy/involved_user_roles.go:70.2,71.22 2 1
github.com/mcnijman/go-exactonline/services/accountancy/involved_user_roles.go:66.9,69.3 2 1
github.com/mcnijman/go-exactonline/services/accountancy/involved_users.go:102.109,105.9 3 2
github.com/mcnijman/go-exactonline/services/accountancy/involved_users.go:109.2,110.22 2 1
github.com/mcnijman/go-exactonline/services/accountancy/involved_users.go:105.9,108.3 2 1
github.com/mcnijman/go-exactonline/services/accountancy/service.go:32.71,45.2 9 13
github.com/mcnijman/go-exactonline/services/accountancy/solution_links.go:75.109,78.9 3 2
github.com/mcnijman/go-exactonline/services/accountancy/solution_links.go:82.2,83.22 2 1
github.com/mcnijman/go-exactonline/services/accountancy/solution_links.go:78.9,81.3 2 1
github.com/mcnijman/go-exactonline/services/accountancy/task_types.go:60.101,63.9 3 2
github.com/mcnijman/go-exactonline/services/accountancy/task_types.go:67.2,68.22 2 1
github.com/mcnijman/go-exactonline/services/accountancy/task_types.go:63.9,66.3 2 1
github.com/mcnijman/go-exactonline/services/accountancy/account_involved_accounts.go:75.129,78.9 3 2
github.com/mcnijman/go-exactonline/services/accountancy/account_involved_accounts.go:82.2,83.22 2 1
github.com/mcnijman/go-exactonline/services/accountancy/account_involved_accounts.go:78.9,81.3 2 1
github.com/mcnijman/go-exactonline/services/accountancy/account_owners.go:75.109,78.9 3 2
github.com/mcnijman/go-exactonline/services/accountancy/account_owners.go:82.2,83.22 2 1
github.com/mcnijman/go-exactonline/services/accountancy/account_owners.go:78.9,81.3 2 1
github.com/mcnijman/go-exactonline/services/activities/communication_notes.go:111.119,114.9 3 2
github.com/mcnijman/go-exactonline/services/activities/communication_notes.go:118.2,119.22 2 1
github.com/mcnijman/go-exactonline/services/activities/communication_notes.go:114.9,117.3 2 1
github.com/mcnijman/go-exactonline/services/activities/complaints.go:102.103,105.9 3 2
github.com/mcnijman/go-exactonline/services/activities/complaints.go:109.2,110.22 2 1
github.com/mcnijman/go-exactonline/services/activities/complaints.go:105.9,108.3 2 1
github.com/mcnijman/go-exactonline/services/activities/events.go:120.95,123.9 3 2
github.com/mcnijman/go-exactonline/services/activities/events.go:127.2,128.22 2 1
github.com/mcnijman/go-exactonline/services/activities/events.go:123.9,126.3 2 1
github.com/mcnijman/go-exactonline/services/activities/service.go:31.69,43.2 8 11
github.com/mcnijman/go-exactonline/services/activities/service_requests.go:102.113,105.9 3 2
github.com/mcnijman/go-exactonline/services/activities/service_requests.go:109.2,110.22 2 1
github.com/mcnijman/go-exactonline/services/activities/service_requests.go:105.9,108.3 2 1
github.com/mcnijman/go-exactonline/services/activities/tasks.go:120.93,123.9 3 2
github.com/mcnijman/go-exactonline/services/activities/tasks.go:127.2,128.22 2 1
github.com/mcnijman/go-exactonline/services/activities/tasks.go:123.9,126.3 2 1
github.com/mcnijman/go-exactonline/client.go:102.49,144.2 37 7
github.com/mcnijman/go-exactonline/client.go:149.92,152.2 2 1
github.com/mcnijman/go-exactonline/client.go:166.51,168.16 2 6
github.com/mcnijman/go-exactonline/client.go:171.2,171.48 1 5
github.com/mcnijman/go-exactonline/client.go:174.2,176.12 2 5
github.com/mcnijman/go-exactonline/client.go:168.16,170.3 1 1
github.com/mcnijman/go-exactonline/client.go:171.48,173.3 1 1
github.com/mcnijman/go-exactonline/client.go:180.49,182.2 1 1
github.com/mcnijman/go-exactonline/client.go:187.73,189.16 2 3
github.com/mcnijman/go-exactonline/client.go:192.2,192.19 1 2
github.com/mcnijman/go-exactonline/client.go:195.2,195.37 1 1
github.com/mcnijman/go-exactonline/client.go:189.16,191.3 1 1
github.com/mcnijman/go-exactonline/client.go:192.19,194.3 1 1
github.com/mcnijman/go-exactonline/client.go:200.25,200.38 1 1
github.com/mcnijman/go-exactonline/client.go:204.36,204.67 1 1
github.com/mcnijman/go-exactonline/client.go:208.34,208.47 1 1
github.com/mcnijman/go-exactonline/client.go:212.36,212.67 1 1
github.com/mcnijman/go-exactonline/client.go:216.22,216.35 1 1
github.com/mcnijman/go-exactonline/client.go:220.28,220.41 1 1
github.com/mcnijman/go-exactonline/client.go:224.31,224.44 1 1
github.com/mcnijman/go-exactonline/client.go:228.33,228.62 1 1
github.com/mcnijman/go-exactonline/services/bulk/service.go:30.57,41.2 7 9
github.com/mcnijman/go-exactonline/services/bulk/documents_document_attachments.go:48.139,51.9 3 2
github.com/mcnijman/go-exactonline/services/bulk/documents_document_attachments.go:55.2,56.22 2 1
github.com/mcnijman/go-exactonline/services/bulk/documents_document_attachments.go:51.9,54.3 2 1
github.com/mcnijman/go-exactonline/services/bulk/documents_documents.go:144.119,147.9 3 2
github.com/mcnijman/go-exactonline/services/bulk/documents_documents.go:151.2,152.22 2 1
github.com/mcnijman/go-exactonline/services/bulk/documents_documents.go:147.9,150.3 2 1
github.com/mcnijman/go-exactonline/services/bulk/financial_transaction_lines.go:234.133,237.9 3 2
github.com/mcnijman/go-exactonline/services/bulk/financial_transaction_lines.go:241.2,242.22 2 1
github.com/mcnijman/go-exactonline/services/bulk/financial_transaction_lines.go:237.9,240.3 2 1
github.com/mcnijman/go-exactonline/services/bulk/sales_order_sales_order_lines.go:150.133,153.9 3 2
github.com/mcnijman/go-exactonline/services/bulk/sales_order_sales_order_lines.go:157.2,158.22 2 1
github.com/mcnijman/go-exactonline/services/bulk/sales_order_sales_order_lines.go:153.9,156.3 2 1
github.com/mcnijman/go-exactonline/services/assets/asset_groups.go:108.105,111.9 3 2
github.com/mcnijman/go-exactonline/services/assets/asset_groups.go:115.2,116.22 2 1
github.com/mcnijman/go-exactonline/services/assets/asset_groups.go:111.9,114.3 2 1
github.com/mcnijman/go-exactonline/services/assets/assets.go:189.95,192.9 3 2
github.com/mcnijman/go-exactonline/services/assets/assets.go:196.2,197.22 2 1
github.com/mcnijman/go-exactonline/services/assets/assets.go:192.9,195.3 2 1
github.com/mcnijman/go-exactonline/services/assets/depreciation_methods.go:87.121,90.9 3 2
github.com/mcnijman/go-exactonline/services/assets/depreciation_methods.go:94.2,95.22 2 1
github.com/mcnijman/go-exactonline/services/assets/depreciation_methods.go:90.9,93.3 2 1
github.com/mcnijman/go-exactonline/services/assets/service.go:29.61,39.2 6 7
github.com/mcnijman/go-exactonline/services/budget/budgets.go:105.97,108.9 3 2
github.com/mcnijman/go-exactonline/services/budget/budgets.go:112.2,113.22 2 1
github.com/mcnijman/go-exactonline/services/budget/budgets.go:108.9,111.3 2 1
github.com/mcnijman/go-exactonline/services/budget/service.go:28.61,37.2 5 5
github.com/mcnijman/go-exactonline/services/budget/budget_scenarios.go:66.113,69.9 3 2
github.com/mcnijman/go-exactonline/services/budget/budget_scenarios.go:73.2,74.22 2 1
github.com/mcnijman/go-exactonline/services/budget/budget_scenarios.go:69.9,72.3 2 1
github.com/mcnijman/go-exactonline/services/cashflow/payment_conditions.go:96.117,99.9 3 2
github.com/mcnijman/go-exactonline/services/cashflow/payment_conditions.go:103.2,104.22 2 1
github.com/mcnijman/go-exactonline/services/cashflow/payment_conditions.go:99.9,102.3 2 1
github.com/mcnijman/go-exactonline/services/cashflow/allocation_rule.go:69.111,72.9 3 2
github.com/mcnijman/go-exactonline/services/cashflow/allocation_rule.go:76.2,77.22 2 1
github.com/mcnijman/go-exactonline/services/cashflow/allocation_rule.go:72.9,75.3 2 1
github.com/mcnijman/go-exactonline/services/cashflow/direct_debit_mandates.go:84.121,87.9 3 2
github.com/mcnijman/go-exactonline/services/cashflow/direct_debit_mandates.go:91.2,92.22 2 1
github.com/mcnijman/go-exactonline/services/cashflow/direct_debit_mandates.go:87.9,90.3 2 1
github.com/mcnijman/go-exactonline/services/cashflow/import_notifications.go:60.121,63.9 3 2
github.com/mcnijman/go-exactonline/services/cashflow/import_notifications.go:67.2,68.22 2 1
github.com/mcnijman/go-exactonline/services/cashflow/import_notifications.go:63.9,66.3 2 1
github.com/mcnijman/go-exactonline/services/cashflow/payments.go:234.99,237.9 3 2
github.com/mcnijman/go-exactonline/services/cashflow/payments.go:241.2,242.22 2 1
github.com/mcnijman/go-exactonline/services/cashflow/payments.go:237.9,240.3 2 1
github.com/mcnijman/go-exactonline/services/cashflow/receivables.go:264.105,267.9 3 2
github.com/mcnijman/go-exactonline/services/cashflow/receivables.go:271.2,272.22 2 1
github.com/mcnijman/go-exactonline/services/cashflow/receivables.go:267.9,270.3 2 1
github.com/mcnijman/go-exactonline/services/cashflow/service.go:34.65,49.2 11 17
github.com/mcnijman/go-exactonline/services/cashflow/banks.go:60.93,63.9 3 2
github.com/mcnijman/go-exactonline/services/cashflow/banks.go:67.2,68.22 2 1
github.com/mcnijman/go-exactonline/services/cashflow/banks.go:63.9,66.3 2 1
github.com/mcnijman/go-exactonline/services/cashflow/import_notification_details.go:54.133,57.9 3 2
github.com/mcnijman/go-exactonline/services/cashflow/import_notification_details.go:61.2,62.22 2 1
github.com/mcnijman/go-exactonline/services/cashflow/import_notification_details.go:57.9,60.3 2 1
github.com/mcnijman/go-exactonline/services/continuousmonitoring/indicator_balances.go:87.117,90.9 3 2
github.com/mcnijman/go-exactonline/services/continuousmonitoring/indicator_balances.go:94.2,95.22 2 1
github.com/mcnijman/go-exactonline/services/continuousmonitoring/indicator_balances.go:90.9,93.3 2 1
github.com/mcnijman/go-exactonline/services/continuousmonitoring/indicator_deviating_amount_entereds.go:87.147,90.9 3 2
github.com/mcnijman/go-exactonline/services/continuousmonitoring/indicator_deviating_amount_entereds.go:94.2,95.22 2 1
github.com/mcnijman/go-exactonline/services/continuousmonitoring/indicator_deviating_amount_entereds.go:90.9,93.3 2 1
github.com/mcnijman/go-exactonline/services/continuousmonitoring/indicator_different_vat_codes.go:78.135,81.9 3 2
github.com/mcnijman/go-exactonline/services/continuousmonitoring/indicator_different_vat_codes.go:85.2,86.22 2 1
github.com/mcnijman/go-exactonline/services/continuousmonitoring/indicator_different_vat_codes.go:81.9,84.3 2 1
github.com/mcnijman/go-exactonline/services/continuousmonitoring/indicator_signals.go:105.115,108.9 3 2
github.com/mcnijman/go-exactonline/services/continuousmonitoring/indicator_signals.go:112.2,113.22 2 1
github.com/mcnijman/go-exactonline/services/continuousmonitoring/indicator_signals.go:108.9,111.3 2 1
github.com/mcnijman/go-exactonline/services/continuousmonitoring/indicator_states.go:78.113,81.9 3 2
github.com/mcnijman/go-exactonline/services/continuousmonitoring/indicator_states.go:85.2,86.22 2 1
github.com/mcnijman/go-exactonline/services/continuousmonitoring/indicator_states.go:81.9,84.3 2 1
github.com/mcnijman/go-exactonline/services/continuousmonitoring/indicator_usage_of_journals.go:84.131,87.9 3 2
github.com/mcnijman/go-exactonline/services/continuousmonitoring/indicator_usage_of_journals.go:91.2,92.22 2 1
github.com/mcnijman/go-exactonline/services/continuousmonitoring/indicator_usage_of_journals.go:87.9,90.3 2 1
github.com/mcnijman/go-exactonline/services/continuousmonitoring/service.go:35.89,51.2 12 19
github.com/mcnijman/go-exactonline/services/continuousmonitoring/indicator_difference_by_periods.go:96.139,99.9 3 2
github.com/mcnijman/go-exactonline/services/continuousmonitoring/indicator_difference_by_periods.go:103.2,104.22 2 1
github.com/mcnijman/go-exactonline/services/continuousmonitoring/indicator_difference_by_periods.go:99.9,102.3 2 1
github.com/mcnijman/go-exactonline/services/continuousmonitoring/indicator_gl_accounts.go:45.121,48.9 3 2
github.com/mcnijman/go-exactonline/services/continuousmonitoring/indicator_gl_accounts.go:52.2,53.22 2 1
github.com/mcnijman/go-exactonline/services/continuousmonitoring/indicator_gl_accounts.go:48.9,51.3 2 1
github.com/mcnijman/go-exactonline/services/continuousmonitoring/indicator_liquidities.go:75.123,78.9 3 2
github.com/mcnijman/go-exactonline/services/continuousmonitoring/indicator_liquidities.go:82.2,83.22 2 1
github.com/mcnijman/go-exactonline/services/continuousmonitoring/indicator_liquidities.go:78.9,81.3 2 1
github.com/mcnijman/go-exactonline/services/crm/address_states.go:51.109,54.9 3 2
github.com/mcnijman/go-exactonline/services/crm/address_states.go:58.2,59.22 2 1
github.com/mcnijman/go-exactonline/services/crm/address_states.go:54.9,57.3 2 1
github.com/mcnijman/go-exactonline/services/crm/documents_attachments.go:45.123,48.9 3 2
github.com/mcnijman/go-exactonline/services/crm/documents_attachments.go:52.2,53.22 2 1
github.com/mcnijman/go-exactonline/services/crm/documents_attachments.go:48.9,51.3 2 1
github.com/mcnijman/go-exactonline/services/crm/hosting_opportunities.go:207.123,210.9 3 2
github.com/mcnijman/go-exactonline/services/crm/hosting_opportunities.go:214.2,215.22 2 1
github.com/mcnijman/go-exactonline/services/crm/hosting_opportunities.go:210.9,213.3 2 1
github.com/mcnijman/go-exactonline/services/crm/quotation_lines.go:96.111,99.9 3 2
github.com/mcnijman/go-exactonline/services/crm/quotation_lines.go:103.2,104.22 2 1
github.com/mcnijman/go-exactonline/services/crm/quotation_lines.go:99.9,102.3 2 1
github.com/mcnijman/go-exactonline/services/crm/account_classifications.go:66.127,69.9 3 2
github.com/mcnijman/go-exactonline/services/crm/account_classifications.go:73.2,74.22 2 1
github.com/mcnijman/go-exactonline/services/crm/account_classifications.go:69.9,72.3 2 1
github.com/mcnijman/go-exactonline/services/crm/accounts.go:468.99,471.9 3 2
github.com/mcnijman/go-exactonline/services/crm/accounts.go:475.2,476.22 2 1
github.com/mcnijman/go-exactonline/services/crm/accounts.go:471.9,474.3 2 1
github.com/mcnijman/go-exactonline/services/crm/addresses.go:189.101,192.9 3 2
github.com/mcnijman/go-exactonline/services/crm/addresses.go:196.2,197.22 2 1
github.com/mcnijman/go-exactonline/services/crm/addresses.go:192.9,195.3 2 1
github.com/mcnijman/go-exactonline/services/crm/bank_accounts.go:99.107,102.9 3 2
github.com/mcnijman/go-exactonline/services/crm/bank_accounts.go:106.2,107.22 2 1
github.com/mcnijman/go-exactonline/services/crm/bank_accounts.go:102.9,105.3 2 1
github.com/mcnijman/go-exactonline/services/crm/documents.go:99.101,102.9 3 2
github.com/mcnijman/go-exactonline/services/crm/documents.go:106.2,107.22 2 1
github.com/mcnijman/go-exactonline/services/crm/documents.go:102.9,105.3 2 1
github.com/mcnijman/go-exactonline/services/crm/opportunities.go:177.109,180.9 3 2
github.com/mcnijman/go-exactonline/services/crm/opportunities.go:184.2,185.22 2 1
github.com/mcnijman/go-exactonline/services/crm/opportunities.go:180.9,183.3 2 1
github.com/mcnijman/go-exactonline/services/crm/opportunity_contacts.go:231.121,234.9 3 2
github.com/mcnijman/go-exactonline/services/crm/opportunity_contacts.go:238.2,239.22 2 1
github.com/mcnijman/go-exactonline/services/crm/opportunity_contacts.go:234.9,237.3 2 1
github.com/mcnijman/go-exactonline/services/crm/reason_codes.go:72.105,75.9 3 2
github.com/mcnijman/go-exactonline/services/crm/reason_codes.go:79.2,80.22 2 1
github.com/mcnijman/go-exactonline/services/crm/reason_codes.go:75.9,78.3 2 1
github.com/mcnijman/go-exactonline/services/crm/account_classification_names.go:60.135,63.9 3 2
github.com/mcnijman/go-exactonline/services/crm/account_classification_names.go:67.2,68.22 2 1
github.com/mcnijman/go-exactonline/services/crm/account_classification_names.go:63.9,66.3 2 1
github.com/mcnijman/go-exactonline/services/crm/service.go:42.55,65.2 19 33
github.com/mcnijman/go-exactonline/services/crm/quotations.go:177.103,180.9 3 2
github.com/mcnijman/go-exactonline/services/crm/quotations.go:184.2,185.22 2 1
github.com/mcnijman/go-exactonline/services/crm/quotations.go:180.9,183.3 2 1
github.com/mcnijman/go-exactonline/services/crm/contacts.go:231.99,234.9 3 2
github.com/mcnijman/go-exactonline/services/crm/contacts.go:238.2,239.22 2 1
github.com/mcnijman/go-exactonline/services/crm/contacts.go:234.9,237.3 2 1
github.com/mcnijman/go-exactonline/services/crm/account_classes.go:63.111,66.9 3 2
github.com/mcnijman/go-exactonline/services/crm/account_classes.go:70.2,71.22 2 1
github.com/mcnijman/go-exactonline/services/crm/account_classes.go:66.9,69.3 2 1
github.com/mcnijman/go-exactonline/services/documents/document_types.go:57.109,60.9 3 2
github.com/mcnijman/go-exactonline/services/documents/document_types.go:64.2,65.22 2 1
github.com/mcnijman/go-exactonline/services/documents/document_types.go:60.9,63.3 2 1
github.com/mcnijman/go-exactonline/services/documents/documents.go:144.101,147.9 3 2
github.com/mcnijman/go-exactonline/services/documents/documents.go:151.2,152.22 2 1
github.com/mcnijman/go-exactonline/services/documents/documents.go:147.9,150.3 2 1
github.com/mcnijman/go-exactonline/services/documents/service.go:33.67,47.2 10 15
github.com/mcnijman/go-exactonline/services/documents/document_attachments.go:48.121,51.9 3 2
github.com/mcnijman/go-exactonline/services/documents/document_attachments.go:55.2,56.22 2 1
github.com/mcnijman/go-exactonline/services/documents/document_attachments.go:51.9,54.3 2 1
github.com/mcnijman/go-exactonline/services/documents/document_categories.go:42.119,45.9 3 2
github.com/mcnijman/go-exactonline/services/documents/document_categories.go:49.2,50.22 2 1
github.com/mcnijman/go-exactonline/services/documents/document_categories.go:45.9,48.3 2 1
github.com/mcnijman/go-exactonline/services/documents/document_folders.go:63.113,66.9 3 2
github.com/mcnijman/go-exactonline/services/documents/document_folders.go:70.2,71.22 2 1
github.com/mcnijman/go-exactonline/services/documents/document_folders.go:66.9,69.3 2 1
github.com/mcnijman/go-exactonline/services/documents/document_type_categories.go:42.127,45.9 3 2
github.com/mcnijman/go-exactonline/services/documents/document_type_categories.go:49.2,50.22 2 1
github.com/mcnijman/go-exactonline/services/documents/document_type_categories.go:45.9,48.3 2 1
github.com/mcnijman/go-exactonline/services/documents/document_type_folders.go:54.121,57.9 3 2
github.com/mcnijman/go-exactonline/services/documents/document_type_folders.go:61.2,62.22 2 1
github.com/mcnijman/go-exactonline/services/documents/document_type_folders.go:57.9,60.3 2 1
github.com/mcnijman/go-exactonline/services/financial/reporting_balance.go:84.115,87.9 3 2
github.com/mcnijman/go-exactonline/services/financial/reporting_balance.go:91.2,92.22 2 1
github.com/mcnijman/go-exactonline/services/financial/reporting_balance.go:87.9,90.3 2 1
github.com/mcnijman/go-exactonline/services/financial/revenue_list.go:35.105,38.9 3 2
github.com/mcnijman/go-exactonline/services/financial/revenue_list.go:42.2,43.22 2 1
github.com/mcnijman/go-exactonline/services/financial/revenue_list.go:38.9,41.3 2 1
github.com/mcnijman/go-exactonline/services/financial/financial_periods.go:66.115,69.9 3 2
github.com/mcnijman/go-exactonline/services/financial/financial_periods.go:73.2,74.22 2 1
github.com/mcnijman/go-exactonline/services/financial/financial_periods.go:69.9,72.3 2 1
github.com/mcnijman/go-exactonline/services/financial/journal_status_list.go:50.117,53.9 3 2
github.com/mcnijman/go-exactonline/services/financial/journal_status_list.go:57.2,58.22 2 1
github.com/mcnijman/go-exactonline/services/financial/journal_status_list.go:53.9,56.3 2 1
github.com/mcnijman/go-exactonline/services/financial/journals.go:135.99,138.9 3 2
github.com/mcnijman/go-exactonline/services/financial/journals.go:142.2,143.22 2 1
github.com/mcnijman/go-exactonline/services/financial/journals.go:138.9,141.3 2 1
github.com/mcnijman/go-exactonline/services/financial/payables_list.go:81.107,84.9 3 2
github.com/mcnijman/go-exactonline/services/financial/payables_list.go:88.2,89.22 2 1
github.com/mcnijman/go-exactonline/services/financial/payables_list.go:84.9,87.3 2 1
github.com/mcnijman/go-exactonline/services/financial/profit_loss_overview.go:77.119,80.9 3 2
github.com/mcnijman/go-exactonline/services/financial/profit_loss_overview.go:84.2,85.22 2 1
github.com/mcnijman/go-exactonline/services/financial/profit_loss_overview.go:80.9,83.3 2 1
github.com/mcnijman/go-exactonline/services/financial/aging_overview.go:41.109,44.9 3 2
github.com/mcnijman/go-exactonline/services/financial/aging_overview.go:48.2,49.22 2 1
github.com/mcnijman/go-exactonline/services/financial/aging_overview.go:44.9,47.3 2 1
github.com/mcnijman/go-exactonline/services/financial/aging_payables_list.go:81.117,84.9 3 2
github.com/mcnijman/go-exactonline/services/financial/aging_payables_list.go:88.2,89.22 2 1
github.com/mcnijman/go-exactonline/services/financial/aging_payables_list.go:84.9,87.3 2 1
github.com/mcnijman/go-exactonline/services/financial/gl_transaction_types.go:35.119,38.9 3 2
github.com/mcnijman/go-exactonline/services/financial/gl_transaction_types.go:42.2,43.22 2 1
github.com/mcnijman/go-exactonline/services/financial/gl_transaction_types.go:38.9,41.3 2 1
github.com/mcnijman/go-exactonline/services/financial/service.go:45.67,71.2 22 39
github.com/mcnijman/go-exactonline/services/financial/gl_accounts.go:150.103,153.9 3 2
github.com/mcnijman/go-exactonline/services/financial/gl_accounts.go:157.2,158.22 2 1
github.com/mcnijman/go-exactonline/services/financial/gl_accounts.go:153.9,156.3 2 1
github.com/mcnijman/go-exactonline/services/financial/gl_schemes.go:66.101,69.9 3 2
github.com/mcnijman/go-exactonline/services/financial/gl_schemes.go:73.2,74.22 2 1
github.com/mcnijman/go-exactonline/services/financial/gl_schemes.go:69.9,72.3 2 1
github.com/mcnijman/go-exactonline/services/financial/outstanding_invoices_overview.go:53.137,56.9 3 2
github.com/mcnijman/go-exactonline/services/financial/outstanding_invoices_overview.go:60.2,61.22 2 1
github.com/mcnijman/go-exactonline/services/financial/outstanding_invoices_overview.go:56.9,59.3 2 1
github.com/mcnijman/go-exactonline/services/financial/returns.go:75.97,78.9 3 2
github.com/mcnijman/go-exactonline/services/financial/returns.go:82.2,83.22 2 1
github.com/mcnijman/go-exactonline/services/financial/returns.go:78.9,81.3 2 1
github.com/mcnijman/go-exactonline/services/financial/aging_receivables_list.go:81.123,84.9 3 2
github.com/mcnijman/go-exactonline/services/financial/aging_receivables_list.go:88.2,89.22 2 1
github.com/mcnijman/go-exactonline/services/financial/aging_receivables_list.go:84.9,87.3 2 1
github.com/mcnijman/go-exactonline/services/financial/exchange_rates.go:72.109,75.9 3 2
github.com/mcnijman/go-exactonline/services/financial/exchange_rates.go:79.2,80.22 2 1
github.com/mcnijman/go-exactonline/services/financial/exchange_rates.go:75.9,78.3 2 1
github.com/mcnijman/go-exactonline/services/financial/gl_account_classification_mappings.go:63.145,66.9 3 2
github.com/mcnijman/go-exactonline/services/financial/gl_account_classification_mappings.go:70.2,71.22 2 1
github.com/mcnijman/go-exactonline/services/financial/gl_account_classification_mappings.go:66.9,69.3 2 1
github.com/mcnijman/go-exactonline/services/financial/gl_classifications.go:93.117,96.9 3 2
github.com/mcnijman/go-exactonline/services/financial/gl_classifications.go:100.2,101.22 2 1
github.com/mcnijman/go-exactonline/services/financial/gl_classifications.go:96.9,99.3 2 1
github.com/mcnijman/go-exactonline/services/financial/receivables_list.go:78.113,81.9 3 2
github.com/mcnijman/go-exactonline/services/financial/receivables_list.go:85.2,86.22 2 1
github.com/mcnijman/go-exactonline/services/financial/receivables_list.go:81.9,84.3 2 1
github.com/mcnijman/go-exactonline/services/general/currencies.go:48.103,51.9 3 2
github.com/mcnijman/go-exactonline/services/general/currencies.go:55.2,56.22 2 1
github.com/mcnijman/go-exactonline/services/general/currencies.go:51.9,54.3 2 1
github.com/mcnijman/go-exactonline/services/general/service.go:27.63,35.2 4 3
github.com/mcnijman/go-exactonline/services/financialtransaction/service.go:32.89,45.2 9 13
github.com/mcnijman/go-exactonline/services/financialtransaction/transaction_lines.go:234.115,237.9 3 2
github.com/mcnijman/go-exactonline/services/financialtransaction/transaction_lines.go:241.2,242.22 2 1
github.com/mcnijman/go-exactonline/services/financialtransaction/transaction_lines.go:237.9,240.3 2 1
github.com/mcnijman/go-exactonline/services/financialtransaction/transactions.go:111.107,114.9 3 2
github.com/mcnijman/go-exactonline/services/financialtransaction/transactions.go:118.2,119.22 2 1
github.com/mcnijman/go-exactonline/services/financialtransaction/transactions.go:114.9,117.3 2 1
github.com/mcnijman/go-exactonline/services/financialtransaction/bank_entries.go:84.105,87.9 3 2
github.com/mcnijman/go-exactonline/services/financialtransaction/bank_entries.go:91.2,92.22 2 1
github.com/mcnijman/go-exactonline/services/financialtransaction/bank_entries.go:87.9,90.3 2 1
github.com/mcnijman/go-exactonline/services/financialtransaction/bank_entry_lines.go:162.111,165.9 3 2
github.com/mcnijman/go-exactonline/services/financialtransaction/bank_entry_lines.go:169.2,170.22 2 1
github.com/mcnijman/go-exactonline/services/financialtransaction/bank_entry_lines.go:165.9,168.3 2 1
github.com/mcnijman/go-exactonline/services/financialtransaction/cash_entries.go:75.105,78.9 3 2
github.com/mcnijman/go-exactonline/services/financialtransaction/cash_entries.go:82.2,83.22 2 1
github.com/mcnijman/go-exactonline/services/financialtransaction/cash_entries.go:78.9,81.3 2 1
github.com/mcnijman/go-exactonline/services/financialtransaction/cash_entry_lines.go:162.111,165.9 3 2
github.com/mcnijman/go-exactonline/services/financialtransaction/cash_entry_lines.go:169.2,170.22 2 1
github.com/mcnijman/go-exactonline/services/financialtransaction/cash_entry_lines.go:165.9,168.3 2 1
github.com/mcnijman/go-exactonline/services/generaljournalentry/general_journal_entries.go:81.125,84.9 3 2
github.com/mcnijman/go-exactonline/services/generaljournalentry/general_journal_entries.go:88.2,89.22 2 1
github.com/mcnijman/go-exactonline/services/generaljournalentry/general_journal_entries.go:84.9,87.3 2 1
github.com/mcnijman/go-exactonline/services/generaljournalentry/general_journal_entry_lines.go:168.131,171.9 3 2
github.com/mcnijman/go-exactonline/services/generaljournalentry/general_journal_entry_lines.go:175.2,176.22 2 1
github.com/mcnijman/go-exactonline/services/generaljournalentry/general_journal_entry_lines.go:171.9,174.3 2 1
github.com/mcnijman/go-exactonline/services/generaljournalentry/service.go:28.87,37.2 5 5
github.com/mcnijman/go-exactonline/services/hrm/division_class_values.go:87.121,90.9 3 2
github.com/mcnijman/go-exactonline/services/hrm/division_class_values.go:94.2,95.22 2 1
github.com/mcnijman/go-exactonline/services/hrm/division_class_values.go:90.9,93.3 2 1
github.com/mcnijman/go-exactonline/services/hrm/divisions.go:120.101,123.9 3 2
github.com/mcnijman/go-exactonline/services/hrm/divisions.go:127.2,128.22 2 1
github.com/mcnijman/go-exactonline/services/hrm/divisions.go:123.9,126.3 2 1
github.com/mcnijman/go-exactonline/services/hrm/schedules.go:102.101,105.9 3 2
github.com/mcnijman/go-exactonline/services/hrm/schedules.go:109.2,110.22 2 1
github.com/mcnijman/go-exactonline/services/hrm/schedules.go:105.9,108.3 2 1
github.com/mcnijman/go-exactonline/services/hrm/division_class_names.go:66.119,69.9 3 2
github.com/mcnijman/go-exactonline/services/hrm/division_class_names.go:73.2,74.22 2 1
github.com/mcnijman/go-exactonline/services/hrm/division_class_names.go:69.9,72.3 2 1
github.com/mcnijman/go-exactonline/services/hrm/job_groups.go:63.101,66.9 3 2
github.com/mcnijman/go-exactonline/services/hrm/job_groups.go:70.2,71.22 2 1
github.com/mcnijman/go-exactonline/services/hrm/job_groups.go:66.9,69.3 2 1
github.com/mcnijman/go-exactonline/services/hrm/leave_registrations.go:102.119,105.9 3 2
github.com/mcnijman/go-exactonline/services/hrm/leave_registrations.go:109.2,110.22 2 1
github.com/mcnijman/go-exactonline/services/hrm/leave_registrations.go:105.9,108.3 2 1
github.com/mcnijman/go-exactonline/services/hrm/service.go:40.55,61.2 17 29
github.com/mcnijman/go-exactonline/services/hrm/absence_registrations.go:87.123,90.9 3 2
github.com/mcnijman/go-exactonline/services/hrm/absence_registrations.go:94.2,95.22 2 1
github.com/mcnijman/go-exactonline/services/hrm/absence_registrations.go:90.9,93.3 2 1
github.com/mcnijman/go-exactonline/services/hrm/job_titles.go:81.101,84.9 3 2
github.com/mcnijman/go-exactonline/services/hrm/job_titles.go:88.2,89.22 2 1
github.com/mcnijman/go-exactonline/services/hrm/job_titles.go:84.9,87.3 2 1
github.com/mcnijman/go-exactonline/services/hrm/leave_build_up_registrations.go:87.133,90.9 3 2
github.com/mcnijman/go-exactonline/services/hrm/leave_build_up_registrations.go:94.2,95.22 2 1
github.com/mcnijman/go-exactonline/services/hrm/leave_build_up_registrations.go:90.9,93.3 2 1
github.com/mcnijman/go-exactonline/services/hrm/absence_registration_transactions.go:90.145,93.9 3 2
github.com/mcnijman/go-exactonline/services/hrm/absence_registration_transactions.go:97.2,98.22 2 1
github.com/mcnijman/go-exactonline/services/hrm/absence_registration_transactions.go:93.9,96.3 2 1
github.com/mcnijman/go-exactonline/services/hrm/costcenters.go:66.105,69.9 3 2
github.com/mcnijman/go-exactonline/services/hrm/costcenters.go:73.2,74.22 2 1
github.com/mcnijman/go-exactonline/services/hrm/costcenters.go:69.9,72.3 2 1
github.com/mcnijman/go-exactonline/services/hrm/costunits.go:63.101,66.9 3 2
github.com/mcnijman/go-exactonline/services/hrm/costunits.go:70.2,71.22 2 1
github.com/mcnijman/go-exactonline/services/hrm/costunits.go:66.9,69.3 2 1
github.com/mcnijman/go-exactonline/services/hrm/departments.go:69.105,72.9 3 2
github.com/mcnijman/go-exactonline/services/hrm/departments.go:76.2,77.22 2 1
github.com/mcnijman/go-exactonline/services/hrm/departments.go:72.9,75.3 2 1
github.com/mcnijman/go-exactonline/services/hrm/division_classes.go:72.113,75.9 3 2
github.com/mcnijman/go-exactonline/services/hrm/division_classes.go:79.2,80.22 2 1
github.com/mcnijman/go-exactonline/services/hrm/division_classes.go:75.9,78.3 2 1
github.com/mcnijman/go-exactonline/services/logistics/units.go:54.93,57.9 3 2
github.com/mcnijman/go-exactonline/services/logistics/units.go:61.2,62.22 2 1
github.com/mcnijman/go-exactonline/services/logistics/units.go:57.9,60.3 2 1
github.com/mcnijman/go-exactonline/services/logistics/item_groups.go:120.103,123.9 3 2
github.com/mcnijman/go-exactonline/services/logistics/item_groups.go:127.2,128.22 2 1
github.com/mcnijman/go-exactonline/services/logistics/item_groups.go:123.9,126.3 2 1
github.com/mcnijman/go-exactonline/services/logistics/item_versions.go:93.107,96.9 3 2
github.com/mcnijman/go-exactonline/services/logistics/item_versions.go:100.2,101.22 2 1
github.com/mcnijman/go-exactonline/services/logistics/item_versions.go:96.9,99.3 2 1
github.com/mcnijman/go-exactonline/services/logistics/items.go:330.93,333.9 3 2
github.com/mcnijman/go-exactonline/services/logistics/items.go:337.2,338.22 2 1
github.com/mcnijman/go-exactonline/services/logistics/items.go:333.9,336.3 2 1
github.com/mcnijman/go-exactonline/services/logistics/sales_item_prices.go:99.113,102.9 3 2
github.com/mcnijman/go-exactonline/services/logistics/sales_item_prices.go:106.2,107.22 2 1
github.com/mcnijman/go-exactonline/services/logistics/sales_item_prices.go:102.9,105.3 2 1
github.com/mcnijman/go-exactonline/services/logistics/service.go:32.67,45.2 9 13
github.com/mcnijman/go-exactonline/services/logistics/supplier_item.go:123.107,126.9 3 2
github.com/mcnijman/go-exactonline/services/logistics/supplier_item.go:130.2,131.22 2 1
github.com/mcnijman/go-exactonline/services/logistics/supplier_item.go:126.9,129.3 2 1
github.com/mcnijman/go-exactonline/services/inventory/warehouses.go:81.103,84.9 3 2
github.com/mcnijman/go-exactonline/services/inventory/warehouses.go:88.2,89.22 2 1
github.com/mcnijman/go-exactonline/services/inventory/warehouses.go:84.9,87.3 2 1
github.com/mcnijman/go-exactonline/services/inventory/assembly_orders.go:90.111,93.9 3 2
github.com/mcnijman/go-exactonline/services/inventory/assembly_orders.go:97.2,98.22 2 1
github.com/mcnijman/go-exactonline/services/inventory/assembly_orders.go:93.9,96.3 2 1
github.com/mcnijman/go-exactonline/services/inventory/batch_numbers.go:84.107,87.9 3 2
github.com/mcnijman/go-exactonline/services/inventory/batch_numbers.go:91.2,92.22 2 1
github.com/mcnijman/go-exactonline/services/inventory/batch_numbers.go:87.9,90.3 2 1
github.com/mcnijman/go-exactonline/services/inventory/serial_numbers.go:99.109,102.9 3 2
github.com/mcnijman/go-exactonline/services/inventory/serial_numbers.go:106.2,107.22 2 1
github.com/mcnijman/go-exactonline/services/inventory/serial_numbers.go:102.9,105.3 2 1
github.com/mcnijman/go-exactonline/services/inventory/service.go:38.67,57.2 15 25
github.com/mcnijman/go-exactonline/services/inventory/stock_count_lines.go:108.113,111.9 3 2
github.com/mcnijman/go-exactonline/services/inventory/stock_count_lines.go:115.2,116.22 2 1
github.com/mcnijman/go-exactonline/services/inventory/stock_count_lines.go:111.9,114.3 2 1
github.com/mcnijman/go-exactonline/services/inventory/stock_serial_numbers.go:114.119,117.9 3 2
github.com/mcnijman/go-exactonline/services/inventory/stock_serial_numbers.go:121.2,122.22 2 1
github.com/mcnijman/go-exactonline/services/inventory/stock_serial_numbers.go:117.9,120.3 2 1
github.com/mcnijman/go-exactonline/services/inventory/storage_locations.go:72.115,75.9 3 2
github.com/mcnijman/go-exactonline/services/inventory/storage_locations.go:79.2,80.22 2 1
github.com/mcnijman/go-exactonline/services/inventory/storage_locations.go:75.9,78.3 2 1
github.com/mcnijman/go-exactonline/services/inventory/item_warehouse_planning_details.go:75.139,78.9 3 2
github.com/mcnijman/go-exactonline/services/inventory/item_warehouse_planning_details.go:82.2,83.22 2 1
github.com/mcnijman/go-exactonline/services/inventory/item_warehouse_planning_details.go:78.9,81.3 2 1
github.com/mcnijman/go-exactonline/services/inventory/item_warehouse_storage_locations.go:72.141,75.9 3 2
github.com/mcnijman/go-exactonline/services/inventory/item_warehouse_storage_locations.go:79.2,80.22 2 1
github.com/mcnijman/go-exactonline/services/inventory/item_warehouse_storage_locations.go:75.9,78.3 2 1
github.com/mcnijman/go-exactonline/services/inventory/item_warehouses.go:120.111,123.9 3 2
github.com/mcnijman/go-exactonline/services/inventory/item_warehouses.go:127.2,128.22 2 1
github.com/mcnijman/go-exactonline/services/inventory/item_warehouses.go:123.9,126.3 2 1
github.com/mcnijman/go-exactonline/services/inventory/stock_batch_numbers.go:114.117,117.9 3 2
github.com/mcnijman/go-exactonline/services/inventory/stock_batch_numbers.go:121.2,122.22 2 1
github.com/mcnijman/go-exactonline/services/inventory/stock_batch_numbers.go:117.9,120.3 2 1
github.com/mcnijman/go-exactonline/services/inventory/stock_counts.go:96.105,99.9 3 2
github.com/mcnijman/go-exactonline/services/inventory/stock_counts.go:103.2,104.22 2 1
github.com/mcnijman/go-exactonline/services/inventory/stock_counts.go:99.9,102.3 2 1
github.com/mcnijman/go-exactonline/services/mailbox/default_mailbox.go:63.111,66.9 3 2
github.com/mcnijman/go-exactonline/services/mailbox/default_mailbox.go:70.2,71.22 2 1
github.com/mcnijman/go-exactonline/services/mailbox/default_mailbox.go:66.9,69.3 2 1
github.com/mcnijman/go-exactonline/services/mailbox/mail_message_attachments.go:63.127,66.9 3 2
github.com/mcnijman/go-exactonline/services/mailbox/mail_message_attachments.go:70.2,71.22 2 1
github.com/mcnijman/go-exactonline/services/mailbox/mail_message_attachments.go:66.9,69.3 2 1
github.com/mcnijman/go-exactonline/services/mailbox/mail_messages_received.go:126.123,129.9 3 2
github.com/mcnijman/go-exactonline/services/mailbox/mail_messages_received.go:133.2,134.22 2 1
github.com/mcnijman/go-exactonline/services/mailbox/mail_messages_received.go:129.9,132.3 2 1
github.com/mcnijman/go-exactonline/services/mailbox/mail_messages_sent.go:126.115,129.9 3 2
github.com/mcnijman/go-exactonline/services/mailbox/mail_messages_sent.go:133.2,134.22 2 1
github.com/mcnijman/go-exactonline/services/mailbox/mail_messages_sent.go:129.9,132.3 2 1
github.com/mcnijman/go-exactonline/services/mailbox/mailboxes.go:81.101,84.9 3 2
github.com/mcnijman/go-exactonline/services/mailbox/mailboxes.go:88.2,89.22 2 1
github.com/mcnijman/go-exactonline/services/mailbox/mailboxes.go:84.9,87.3 2 1
github.com/mcnijman/go-exactonline/services/mailbox/preferred_mailbox.go:63.115,66.9 3 2
github.com/mcnijman/go-exactonline/services/mailbox/preferred_mailbox.go:70.2,71.22 2 1
github.com/mcnijman/go-exactonline/services/mailbox/preferred_mailbox.go:66.9,69.3 2 1
github.com/mcnijman/go-exactonline/services/mailbox/service.go:32.63,45.2 9 13
github.com/mcnijman/go-exactonline/services/manufacturing/sub_order_receipts.go:108.115,111.9 3 2
github.com/mcnijman/go-exactonline/services/manufacturing/sub_order_receipts.go:115.2,116.22 2 1
github.com/mcnijman/go-exactonline/services/manufacturing/sub_order_receipts.go:111.9,114.3 2 1
github.com/mcnijman/go-exactonline/services/manufacturing/workcenters.go:108.105,111.9 3 2
github.com/mcnijman/go-exactonline/services/manufacturing/workcenters.go:115.2,116.22 2 1
github.com/mcnijman/go-exactonline/services/manufacturing/workcenters.go:111.9,114.3 2 1
github.com/mcnijman/go-exactonline/services/manufacturing/material_reversals.go:111.117,114.9 3 2
github.com/mcnijman/go-exactonline/services/manufacturing/material_reversals.go:118.2,119.22 2 1
github.com/mcnijman/go-exactonline/services/manufacturing/material_reversals.go:114.9,117.3 2 1
github.com/mcnijman/go-exactonline/services/manufacturing/operation_resources.go:105.119,108.9 3 2
github.com/mcnijman/go-exactonline/services/manufacturing/operation_resources.go:112.2,113.22 2 1
github.com/mcnijman/go-exactonline/services/manufacturing/operation_resources.go:108.9,111.3 2 1
github.com/mcnijman/go-exactonline/services/manufacturing/operations.go:78.103,81.9 3 2
github.com/mcnijman/go-exactonline/services/manufacturing/operations.go:85.2,86.22 2 1
github.com/mcnijman/go-exactonline/services/manufacturing/operations.go:81.9,84.3 2 1
github.com/mcnijman/go-exactonline/services/manufacturing/stage_for_delivery_reversals.go:93.133,96.9 3 2
github.com/mcnijman/go-exactonline/services/manufacturing/stage_for_delivery_reversals.go:100.2,101.22 2 1
github.com/mcnijman/go-exactonline/services/manufacturing/stage_for_delivery_reversals.go:96.9,99.3 2 1
github.com/mcnijman/go-exactonline/services/manufacturing/sub_order_reversals.go:108.117,111.9 3 2
github.com/mcnijman/go-exactonline/services/manufacturing/sub_order_reversals.go:115.2,116.22 2 1
github.com/mcnijman/go-exactonline/services/manufacturing/sub_order_reversals.go:111.9,114.3 2 1
github.com/mcnijman/go-exactonline/services/manufacturing/material_issues.go:120.111,123.9 3 2
github.com/mcnijman/go-exactonline/services/manufacturing/material_issues.go:127.2,128.22 2 1
github.com/mcnijman/go-exactonline/services/manufacturing/material_issues.go:123.9,126.3 2 1
github.com/mcnijman/go-exactonline/services/manufacturing/production_areas.go:78.113,81.9 3 2
github.com/mcnijman/go-exactonline/services/manufacturing/production_areas.go:85.2,86.22 2 1
github.com/mcnijman/go-exactonline/services/manufacturing/production_areas.go:81.9,84.3 2 1
github.com/mcnijman/go-exactonline/services/manufacturing/shop_order_receipts.go:117.117,120.9 3 2
github.com/mcnijman/go-exactonline/services/manufacturing/shop_order_receipts.go:124.2,125.22 2 1
github.com/mcnijman/go-exactonline/services/manufacturing/shop_order_receipts.go:120.9,123.3 2 1
github.com/mcnijman/go-exactonline/services/manufacturing/time_transactions.go:96.115,99.9 3 2
github.com/mcnijman/go-exactonline/services/manufacturing/time_transactions.go:103.2,104.22 2 1
github.com/mcnijman/go-exactonline/services/manufacturing/time_transactions.go:99.9,102.3 2 1
github.com/mcnijman/go-exactonline/services/manufacturing/by_product_receipts.go:111.117,114.9 3 2
github.com/mcnijman/go-exactonline/services/manufacturing/by_product_receipts.go:118.2,119.22 2 1
github.com/mcnijman/go-exactonline/services/manufacturing/by_product_receipts.go:114.9,117.3 2 1
github.com/mcnijman/go-exactonline/services/manufacturing/shop_order_reversals.go:105.119,108.9 3 2
github.com/mcnijman/go-exactonline/services/manufacturing/shop_order_reversals.go:112.2,113.22 2 1
github.com/mcnijman/go-exactonline/services/manufacturing/shop_order_reversals.go:108.9,111.3 2 1
github.com/mcnijman/go-exactonline/services/manufacturing/stage_for_delivery_receipts.go:96.131,99.9 3 2
github.com/mcnijman/go-exactonline/services/manufacturing/stage_for_delivery_receipts.go:103.2,104.22 2 1
github.com/mcnijman/go-exactonline/services/manufacturing/stage_for_delivery_receipts.go:99.9,102.3 2 1
github.com/mcnijman/go-exactonline/services/manufacturing/service.go:46.75,73.2 23 41
github.com/mcnijman/go-exactonline/services/manufacturing/shop_order_material_plans.go:117.127,120.9 3 2
github.com/mcnijman/go-exactonline/services/manufacturing/shop_order_material_plans.go:124.2,125.22 2 1
github.com/mcnijman/go-exactonline/services/manufacturing/shop_order_material_plans.go:120.9,123.3 2 1
github.com/mcnijman/go-exactonline/services/manufacturing/shop_order_routing_step_plans.go:171.133,174.9 3 2
github.com/mcnijman/go-exactonline/services/manufacturing/shop_order_routing_step_plans.go:178.2,179.22 2 1
github.com/mcnijman/go-exactonline/services/manufacturing/shop_order_routing_step_plans.go:174.9,177.3 2 1
github.com/mcnijman/go-exactonline/services/manufacturing/shop_orders.go:204.103,207.9 3 2
github.com/mcnijman/go-exactonline/services/manufacturing/shop_orders.go:211.2,212.22 2 1
github.com/mcnijman/go-exactonline/services/manufacturing/shop_orders.go:207.9,210.3 2 1
github.com/mcnijman/go-exactonline/services/manufacturing/bill_of_material_materials.go:117.129,120.9 3 2
github.com/mcnijman/go-exactonline/services/manufacturing/bill_of_material_materials.go:124.2,125.22 2 1
github.com/mcnijman/go-exactonline/services/manufacturing/bill_of_material_materials.go:120.9,123.3 2 1
github.com/mcnijman/go-exactonline/services/manufacturing/bill_of_material_versions.go:102.127,105.9 3 2
github.com/mcnijman/go-exactonline/services/manufacturing/bill_of_material_versions.go:109.2,110.22 2 1
github.com/mcnijman/go-exactonline/services/manufacturing/bill_of_material_versions.go:105.9,108.3 2 1
github.com/mcnijman/go-exactonline/services/manufacturing/by_product_reversals.go:111.119,114.9 3 2
github.com/mcnijman/go-exactonline/services/manufacturing/by_product_reversals.go:118.2,119.22 2 1
github.com/mcnijman/go-exactonline/services/manufacturing/by_product_reversals.go:114.9,117.3 2 1
github.com/mcnijman/go-exactonline/services/payroll/employment_end_reasons.go:32.123,35.9 3 2
github.com/mcnijman/go-exactonline/services/payroll/employment_end_reasons.go:39.2,40.22 2 1
github.com/mcnijman/go-exactonline/services/payroll/employment_end_reasons.go:35.9,38.3 2 1
github.com/mcnijman/go-exactonline/services/payroll/employment_organizations.go:108.129,111.9 3 2
github.com/mcnijman/go-exactonline/services/payroll/employment_organizations.go:115.2,116.22 2 1
github.com/mcnijman/go-exactonline/services/payroll/employment_organizations.go:111.9,114.3 2 1
github.com/mcnijman/go-exactonline/services/payroll/employment_salaries.go:117.119,120.9 3 2
github.com/mcnijman/go-exactonline/services/payroll/employment_salaries.go:124.2,125.22 2 1
github.com/mcnijman/go-exactonline/services/payroll/employment_salaries.go:120.9,123.3 2 1
github.com/mcnijman/go-exactonline/services/payroll/employments.go:87.105,90.9 3 2
github.com/mcnijman/go-exactonline/services/payroll/employments.go:94.2,95.22 2 1
github.com/mcnijman/go-exactonline/services/payroll/employments.go:90.9,93.3 2 1
github.com/mcnijman/go-exactonline/services/payroll/service.go:35.63,51.2 12 19
github.com/mcnijman/go-exactonline/services/payroll/tax_employment_end_flex_codes.go:63.133,66.9 3 2
github.com/mcnijman/go-exactonline/services/payroll/tax_employment_end_flex_codes.go:70.2,71.22 2 1
github.com/mcnijman/go-exactonline/services/payroll/tax_employment_end_flex_codes.go:66.9,69.3 2 1
github.com/mcnijman/go-exactonline/services/payroll/active_employments.go:162.117,165.9 3 2
github.com/mcnijman/go-exactonline/services/payroll/active_employments.go:169.2,170.22 2 1
github.com/mcnijman/go-exactonline/services/payroll/active_employments.go:165.9,168.3 2 1
github.com/mcnijman/go-exactonline/services/payroll/employees.go:228.101,231.9 3 2
github.com/mcnijman/go-exactonline/services/payroll/employees.go:235.2,236.22 2 1
github.com/mcnijman/go-exactonline/services/payroll/employees.go:231.9,234.3 2 1
github.com/mcnijman/go-exactonline/services/payroll/employment_contract_flex_phases.go:32.139,35.9 3 2
github.com/mcnijman/go-exactonline/services/payroll/employment_contract_flex_phases.go:39.2,40.22 2 1
github.com/mcnijman/go-exactonline/services/payroll/employment_contract_flex_phases.go:35.9,38.3 2 1
github.com/mcnijman/go-exactonline/services/payroll/employment_contracts.go:114.121,117.9 3 2
github.com/mcnijman/go-exactonline/services/payroll/employment_contracts.go:121.2,122.22 2 1
github.com/mcnijman/go-exactonline/services/payroll/employment_contracts.go:117.9,120.3 2 1
github.com/mcnijman/go-exactonline/services/openingbalance/previous_year_processed.go:51.125,54.9 3 2
github.com/mcnijman/go-exactonline/services/openingbalance/previous_year_processed.go:58.2,59.22 2 1
github.com/mcnijman/go-exactonline/services/openingbalance/previous_year_processed.go:54.9,57.3 2 1
github.com/mcnijman/go-exactonline/services/openingbalance/service.go:30.77,41.2 7 9
github.com/mcnijman/go-exactonline/services/openingbalance/current_year_after_entry.go:51.125,54.9 3 2
github.com/mcnijman/go-exactonline/services/openingbalance/current_year_after_entry.go:58.2,59.22 2 1
github.com/mcnijman/go-exactonline/services/openingbalance/current_year_after_entry.go:54.9,57.3 2 1
github.com/mcnijman/go-exactonline/services/openingbalance/current_year_processed.go:51.123,54.9 3 2
github.com/mcnijman/go-exactonline/services/openingbalance/current_year_processed.go:58.2,59.22 2 1
github.com/mcnijman/go-exactonline/services/openingbalance/current_year_processed.go:54.9,57.3 2 1
github.com/mcnijman/go-exactonline/services/openingbalance/previous_year_after_entry.go:51.127,54.9 3 2
github.com/mcnijman/go-exactonline/services/openingbalance/previous_year_after_entry.go:58.2,59.22 2 1
github.com/mcnijman/go-exactonline/services/openingbalance/previous_year_after_entry.go:54.9,57.3 2 1
github.com/mcnijman/go-exactonline/services/purchase/purchase_invoice_lines.go:111.123,114.9 3 2
github.com/mcnijman/go-exactonline/services/purchase/purchase_invoice_lines.go:118.2,119.22 2 1
github.com/mcnijman/go-exactonline/services/purchase/purchase_invoice_lines.go:114.9,117.3 2 1
github.com/mcnijman/go-exactonline/services/purchase/purchase_invoices.go:105.115,108.9 3 2
github.com/mcnijman/go-exactonline/services/purchase/purchase_invoices.go:112.2,113.22 2 1
github.com/mcnijman/go-exactonline/services/purchase/purchase_invoices.go:108.9,111.3 2 1
github.com/mcnijman/go-exactonline/services/purchase/service.go:28.65,37.2 5 5
github.com/mcnijman/go-exactonline/services/project/time_and_billing_entry_accounts.go:36.137,39.9 3 2
github.com/mcnijman/go-exactonline/services/project/time_and_billing_entry_accounts.go:43.2,44.22 2 1
github.com/mcnijman/go-exactonline/services/project/time_and_billing_entry_accounts.go:39.9,42.3 2 1
github.com/mcnijman/go-exactonline/services/project/time_and_billing_entry_recent_accounts.go:39.149,42.9 3 2
github.com/mcnijman/go-exactonline/services/project/time_and_billing_entry_recent_accounts.go:46.2,47.22 2 1
github.com/mcnijman/go-exactonline/services/project/time_and_billing_entry_recent_accounts.go:42.9,45.3 2 1
github.com/mcnijman/go-exactonline/services/project/time_and_billing_entry_recent_projects.go:42.149,45.9 3 2
github.com/mcnijman/go-exactonline/services/project/time_and_billing_entry_recent_projects.go:49.2,50.22 2 1
github.com/mcnijman/go-exactonline/services/project/time_and_billing_entry_recent_projects.go:45.9,48.3 2 1
github.com/mcnijman/go-exactonline/services/project/time_corrections.go:63.113,66.9 3 2
github.com/mcnijman/go-exactonline/services/project/time_corrections.go:70.2,71.22 2 1
github.com/mcnijman/go-exactonline/services/project/time_corrections.go:66.9,69.3 2 1
github.com/mcnijman/go-exactonline/services/project/project_restriction_rebillings.go:72.139,75.9 3 2
github.com/mcnijman/go-exactonline/services/project/project_restriction_rebillings.go:79.2,80.22 2 1
github.com/mcnijman/go-exactonline/services/project/project_restriction_rebillings.go:75.9,78.3 2 1
github.com/mcnijman/go-exactonline/services/project/recent_hours.go:102.105,105.9 3 2
github.com/mcnijman/go-exactonline/services/project/recent_hours.go:109.2,110.22 2 1
github.com/mcnijman/go-exactonline/services/project/recent_hours.go:105.9,108.3 2 1
github.com/mcnijman/go-exactonline/services/project/service.go:51.63,83.2 28 51
github.com/mcnijman/go-exactonline/services/project/project_planning_recurring.go:174.131,177.9 3 2
github.com/mcnijman/go-exactonline/services/project/project_planning_recurring.go:181.2,182.22 2 1
github.com/mcnijman/go-exactonline/services/project/project_planning_recurring.go:177.9,180.3 2 1
github.com/mcnijman/go-exactonline/services/project/project_restriction_employees.go:72.137,75.9 3 2
github.com/mcnijman/go-exactonline/services/project/project_restriction_employees.go:79.2,80.22 2 1
github.com/mcnijman/go-exactonline/services/project/project_restriction_employees.go:75.9,78.3 2 1
github.com/mcnijman/go-exactonline/services/project/time_and_billing_activities_and_expenses.go:39.153,42.9 3 2
github.com/mcnijman/go-exactonline/services/project/time_and_billing_activities_and_expenses.go:46.2,47.22 2 1
github.com/mcnijman/go-exactonline/services/project/time_and_billing_activities_and_expenses.go:42.9,45.3 2 1
github.com/mcnijman/go-exactonline/services/project/time_and_billing_entry_recent_hour_cost_types.go:39.159,42.9 3 2
github.com/mcnijman/go-exactonline/services/project/time_and_billing_entry_recent_hour_cost_types.go:46.2,47.22 2 1
github.com/mcnijman/go-exactonline/services/project/time_and_billing_entry_recent_hour_cost_types.go:42.9,45.3 2 1
github.com/mcnijman/go-exactonline/services/project/hour_cost_types.go:36.109,39.9 3 2
github.com/mcnijman/go-exactonline/services/project/hour_cost_types.go:43.2,44.22 2 1
github.com/mcnijman/go-exactonline/services/project/hour_cost_types.go:39.9,42.3 2 1
github.com/mcnijman/go-exactonline/services/project/project_hour_budgets.go:75.119,78.9 3 2
github.com/mcnijman/go-exactonline/services/project/project_hour_budgets.go:82.2,83.22 2 1
github.com/mcnijman/go-exactonline/services/project/project_hour_budgets.go:78.9,81.3 2 1
github.com/mcnijman/go-exactonline/services/project/project_planning.go:132.113,135.9 3 2
github.com/mcnijman/go-exactonline/services/project/project_planning.go:139.2,140.22 2 1
github.com/mcnijman/go-exactonline/services/project/project_planning.go:135.9,138.3 2 1
github.com/mcnijman/go-exactonline/services/project/time_and_billing_entry_recent_activities_and_expenses.go:42.175,45.9 3 2
github.com/mcnijman/go-exactonline/services/project/time_and_billing_entry_recent_activities_and_expenses.go:49.2,50.22 2 1
github.com/mcnijman/go-exactonline/services/project/time_and_billing_entry_recent_activities_and_expenses.go:45.9,48.3 2 1
github.com/mcnijman/go-exactonline/services/project/time_and_billing_item_details.go:51.133,54.9 3 2
github.com/mcnijman/go-exactonline/services/project/time_and_billing_item_details.go:58.2,59.22 2 1
github.com/mcnijman/go-exactonline/services/project/time_and_billing_item_details.go:54.9,57.3 2 1
github.com/mcnijman/go-exactonline/services/project/time_and_billing_project_details.go:48.139,51.9 3 2
github.com/mcnijman/go-exactonline/services/project/time_and_billing_project_details.go:55.2,56.22 2 1
github.com/mcnijman/go-exactonline/services/project/time_and_billing_project_details.go:51.9,54.3 2 1
github.com/mcnijman/go-exactonline/services/project/cost_transactions.go:156.115,159.9 3 2
github.com/mcnijman/go-exactonline/services/project/cost_transactions.go:163.2,164.22 2 1
github.com/mcnijman/go-exactonline/services/project/cost_transactions.go:159.9,162.3 2 1
github.com/mcnijman/go-exactonline/services/project/project_budget_types.go:32.119,35.9 3 2
github.com/mcnijman/go-exactonline/services/project/project_budget_types.go:39.2,40.22 2 1
github.com/mcnijman/go-exactonline/services/project/project_budget_types.go:35.9,38.3 2 1
github.com/mcnijman/go-exactonline/services/project/project_restriction_items.go:75.129,78.9 3 2
github.com/mcnijman/go-exactonline/services/project/project_restriction_items.go:82.2,83.22 2 1
github.com/mcnijman/go-exactonline/services/project/project_restriction_items.go:78.9,81.3 2 1
github.com/mcnijman/go-exactonline/services/project/time_and_billing_account_details.go:36.139,39.9 3 2
github.com/mcnijman/go-exactonline/services/project/time_and_billing_account_details.go:43.2,44.22 2 1
github.com/mcnijman/go-exactonline/services/project/time_and_billing_account_details.go:39.9,42.3 2 1
github.com/mcnijman/go-exactonline/services/project/time_and_billing_entry_projects.go:39.137,42.9 3 2
github.com/mcnijman/go-exactonline/services/project/time_and_billing_entry_projects.go:46.2,47.22 2 1
github.com/mcnijman/go-exactonline/services/project/time_and_billing_entry_projects.go:42.9,45.3 2 1
github.com/mcnijman/go-exactonline/services/project/time_transactions.go:165.115,168.9 3 2
github.com/mcnijman/go-exactonline/services/project/time_transactions.go:172.2,173.22 2 1
github.com/mcnijman/go-exactonline/services/project/time_transactions.go:168.9,171.3 2 1
github.com/mcnijman/go-exactonline/services/project/invoice_terms.go:99.107,102.9 3 2
github.com/mcnijman/go-exactonline/services/project/invoice_terms.go:106.2,107.22 2 1
github.com/mcnijman/go-exactonline/services/project/invoice_terms.go:102.9,105.3 2 1
github.com/mcnijman/go-exactonline/services/project/projects.go:189.99,192.9 3 2
github.com/mcnijman/go-exactonline/services/project/projects.go:196.2,197.22 2 1
github.com/mcnijman/go-exactonline/services/project/projects.go:192.9,195.3 2 1
github.com/mcnijman/go-exactonline/services/project/recent_costs.go:105.105,108.9 3 2
github.com/mcnijman/go-exactonline/services/project/recent_costs.go:112.2,113.22 2 1
github.com/mcnijman/go-exactonline/services/project/recent_costs.go:108.9,111.3 2 1
github.com/mcnijman/go-exactonline/services/purchaseorder/service.go:30.75,41.2 7 9
github.com/mcnijman/go-exactonline/services/purchaseorder/goods_receipt_lines.go:120.117,123.9 3 2
github.com/mcnijman/go-exactonline/services/purchaseorder/goods_receipt_lines.go:127.2,128.22 2 1
github.com/mcnijman/go-exactonline/services/purchaseorder/goods_receipt_lines.go:123.9,126.3 2 1
github.com/mcnijman/go-exactonline/services/purchaseorder/goods_receipts.go:105.109,108.9 3 2
github.com/mcnijman/go-exactonline/services/purchaseorder/goods_receipts.go:112.2,113.22 2 1
github.com/mcnijman/go-exactonline/services/purchaseorder/goods_receipts.go:108.9,111.3 2 1
github.com/mcnijman/go-exactonline/services/purchaseorder/purchase_order_lines.go:180.119,183.9 3 2
github.com/mcnijman/go-exactonline/services/purchaseorder/purchase_order_lines.go:187.2,188.22 2 1
github.com/mcnijman/go-exactonline/services/purchaseorder/purchase_order_lines.go:183.9,186.3 2 1
github.com/mcnijman/go-exactonline/services/purchaseorder/purchase_orders.go:177.111,180.9 3 2
github.com/mcnijman/go-exactonline/services/purchaseorder/purchase_orders.go:184.2,185.22 2 1
github.com/mcnijman/go-exactonline/services/purchaseorder/purchase_orders.go:180.9,183.3 2 1
github.com/mcnijman/go-exactonline/services/sales/service.go:29.59,39.2 6 7
github.com/mcnijman/go-exactonline/services/sales/shipping_methods.go:72.113,75.9 3 2
github.com/mcnijman/go-exactonline/services/sales/shipping_methods.go:79.2,80.22 2 1
github.com/mcnijman/go-exactonline/services/sales/shipping_methods.go:75.9,78.3 2 1
github.com/mcnijman/go-exactonline/services/sales/price_lists.go:72.103,75.9 3 2
github.com/mcnijman/go-exactonline/services/sales/price_lists.go:79.2,80.22 2 1
github.com/mcnijman/go-exactonline/services/sales/price_lists.go:75.9,78.3 2 1
github.com/mcnijman/go-exactonline/services/sales/sales_price_list_details.go:111.125,114.9 3 2
github.com/mcnijman/go-exactonline/services/sales/sales_price_list_details.go:118.2,119.22 2 1
github.com/mcnijman/go-exactonline/services/sales/sales_price_list_details.go:114.9,117.3 2 1
github.com/mcnijman/go-exactonline/services/purchaseentry/purchase_entries.go:162.113,165.9 3 2
github.com/mcnijman/go-exactonline/services/purchaseentry/purchase_entries.go:169.2,170.22 2 1
github.com/mcnijman/go-exactonline/services/purchaseentry/purchase_entries.go:165.9,168.3 2 1
github.com/mcnijman/go-exactonline/services/purchaseentry/purchase_entry_lines.go:174.119,177.9 3 2
github.com/mcnijman/go-exactonline/services/purchaseentry/purchase_entry_lines.go:181.2,182.22 2 1
github.com/mcnijman/go-exactonline/services/purchaseentry/purchase_entry_lines.go:177.9,180.3 2 1
github.com/mcnijman/go-exactonline/services/purchaseentry/service.go:28.75,37.2 5 5
github.com/mcnijman/go-exactonline/services/salesentry/sales_entries.go:174.107,177.9 3 2
github.com/mcnijman/go-exactonline/services/salesentry/sales_entries.go:181.2,182.22 2 1
github.com/mcnijman/go-exactonline/services/salesentry/sales_entries.go:177.9,180.3 2 1
github.com/mcnijman/go-exactonline/services/salesentry/sales_entry_lines.go:171.113,174.9 3 2
github.com/mcnijman/go-exactonline/services/salesentry/sales_entry_lines.go:178.2,179.22 2 1
github.com/mcnijman/go-exactonline/services/salesentry/sales_entry_lines.go:174.9,177.3 2 1
github.com/mcnijman/go-exactonline/services/salesentry/service.go:28.69,37.2 5 5
github.com/mcnijman/go-exactonline/services/salesorder/goods_deliveries.go:117.113,120.9 3 2
github.com/mcnijman/go-exactonline/services/salesorder/goods_deliveries.go:124.2,125.22 2 1
github.com/mcnijman/go-exactonline/services/salesorder/goods_deliveries.go:120.9,123.3 2 1
github.com/mcnijman/go-exactonline/services/salesorder/goods_delivery_lines.go:114.119,117.9 3 2
github.com/mcnijman/go-exactonline/services/salesorder/goods_delivery_lines.go:121.2,122.22 2 1
github.com/mcnijman/go-exactonline/services/salesorder/goods_delivery_lines.go:117.9,120.3 2 1
github.com/mcnijman/go-exactonline/services/salesorder/sales_order_lines.go:168.113,171.9 3 2
github.com/mcnijman/go-exactonline/services/salesorder/sales_order_lines.go:175.2,176.22 2 1
github.com/mcnijman/go-exactonline/services/salesorder/sales_order_lines.go:171.9,174.3 2 1
github.com/mcnijman/go-exactonline/services/salesorder/sales_orders.go:216.105,219.9 3 2
github.com/mcnijman/go-exactonline/services/salesorder/sales_orders.go:223.2,224.22 2 1
github.com/mcnijman/go-exactonline/services/salesorder/sales_orders.go:219.9,222.3 2 1
github.com/mcnijman/go-exactonline/services/salesorder/service.go:30.69,41.2 7 9
github.com/mcnijman/go-exactonline/services/salesinvoice/layouts.go:60.97,63.9 3 2
github.com/mcnijman/go-exactonline/services/salesinvoice/layouts.go:67.2,68.22 2 1
github.com/mcnijman/go-exactonline/services/salesinvoice/layouts.go:63.9,66.3 2 1
github.com/mcnijman/go-exactonline/services/salesinvoice/sales_invoice_lines.go:180.117,183.9 3 2
github.com/mcnijman/go-exactonline/services/salesinvoice/sales_invoice_lines.go:187.2,188.22 2 1
github.com/mcnijman/go-exactonline/services/salesinvoice/sales_invoice_lines.go:183.9,186.3 2 1
github.com/mcnijman/go-exactonline/services/salesinvoice/sales_invoices.go:225.109,228.9 3 2
github.com/mcnijman/go-exactonline/services/salesinvoice/sales_invoices.go:232.2,233.22 2 1
github.com/mcnijman/go-exactonline/services/salesinvoice/sales_invoices.go:228.9,231.3 2 1
github.com/mcnijman/go-exactonline/services/salesinvoice/service.go:29.73,39.2 6 7
github.com/mcnijman/go-exactonline/services/subscription/subscription_restriction_items.go:72.139,75.9 3 2
github.com/mcnijman/go-exactonline/services/subscription/subscription_restriction_items.go:79.2,80.22 2 1
github.com/mcnijman/go-exactonline/services/subscription/subscription_restriction_items.go:75.9,78.3 2 1
github.com/mcnijman/go-exactonline/services/subscription/subscription_types.go:60.117,63.9 3 2
github.com/mcnijman/go-exactonline/services/subscription/subscription_types.go:67.2,68.22 2 1
github.com/mcnijman/go-exactonline/services/subscription/subscription_types.go:63.9,66.3 2 1
github.com/mcnijman/go-exactonline/services/subscription/subscriptions.go:159.109,162.9 3 2
github.com/mcnijman/go-exactonline/services/subscription/subscriptions.go:166.2,167.22 2 1
github.com/mcnijman/go-exactonline/services/subscription/subscriptions.go:162.9,165.3 2 1
github.com/mcnijman/go-exactonline/services/subscription/service.go:33.73,47.2 10 15
github.com/mcnijman/go-exactonline/services/subscription/subscription_line_types.go:32.125,35.9 3 2
github.com/mcnijman/go-exactonline/services/subscription/subscription_line_types.go:39.2,40.22 2 1
github.com/mcnijman/go-exactonline/services/subscription/subscription_line_types.go:35.9,38.3 2 1
github.com/mcnijman/go-exactonline/services/subscription/subscription_lines.go:105.117,108.9 3 2
github.com/mcnijman/go-exactonline/services/subscription/subscription_lines.go:112.2,113.22 2 1
github.com/mcnijman/go-exactonline/services/subscription/subscription_lines.go:108.9,111.3 2 1
github.com/mcnijman/go-exactonline/services/subscription/subscription_reason_codes.go:66.129,69.9 3 2
github.com/mcnijman/go-exactonline/services/subscription/subscription_reason_codes.go:73.2,74.22 2 1
github.com/mcnijman/go-exactonline/services/subscription/subscription_reason_codes.go:69.9,72.3 2 1
github.com/mcnijman/go-exactonline/services/subscription/subscription_restriction_employees.go:72.147,75.9 3 2
github.com/mcnijman/go-exactonline/services/subscription/subscription_restriction_employees.go:79.2,80.22 2 1
github.com/mcnijman/go-exactonline/services/subscription/subscription_restriction_employees.go:75.9,78.3 2 1
github.com/mcnijman/go-exactonline/services/system/divisions.go:192.101,195.9 3 2
github.com/mcnijman/go-exactonline/services/system/divisions.go:199.2,200.22 2 1
github.com/mcnijman/go-exactonline/services/system/divisions.go:195.9,198.3 2 1
github.com/mcnijman/go-exactonline/services/system/get_most_recently_used_divisions.go:192.139,195.9 3 2
github.com/mcnijman/go-exactonline/services/system/get_most_recently_used_divisions.go:199.2,200.22 2 1
github.com/mcnijman/go-exactonline/services/system/get_most_recently_used_divisions.go:195.9,198.3 2 1
github.com/mcnijman/go-exactonline/services/system/me.go:117.73,120.9 3 2
github.com/mcnijman/go-exactonline/services/system/me.go:124.2,125.22 2 1
github.com/mcnijman/go-exactonline/services/system/me.go:120.9,123.3 2 1
github.com/mcnijman/go-exactonline/services/system/service.go:31.61,43.2 8 11
github.com/mcnijman/go-exactonline/services/system/accountant_info.go:69.111,72.9 3 2
github.com/mcnijman/go-exactonline/services/system/accountant_info.go:76.2,77.22 2 1
github.com/mcnijman/go-exactonline/services/system/accountant_info.go:72.9,75.3 2 1
github.com/mcnijman/go-exactonline/services/system/available_features.go:32.117,35.9 3 2
github.com/mcnijman/go-exactonline/services/system/available_features.go:39.2,40.22 2 1
github.com/mcnijman/go-exactonline/services/system/available_features.go:35.9,38.3 2 1
github.com/mcnijman/go-exactonline/services/users/service.go:29.59,39.2 6 7
github.com/mcnijman/go-exactonline/services/users/user_roles.go:69.101,72.9 3 2
github.com/mcnijman/go-exactonline/services/users/user_roles.go:76.2,77.22 2 1
github.com/mcnijman/go-exactonline/services/users/user_roles.go:72.9,75.3 2 1
github.com/mcnijman/go-exactonline/services/users/user_roles_per_division.go:72.123,75.9 3 2
github.com/mcnijman/go-exactonline/services/users/user_roles_per_division.go:79.2,80.22 2 1
github.com/mcnijman/go-exactonline/services/users/user_roles_per_division.go:75.9,78.3 2 1
github.com/mcnijman/go-exactonline/services/users/users.go:141.93,144.9 3 2
github.com/mcnijman/go-exactonline/services/users/users.go:148.2,149.22 2 1
github.com/mcnijman/go-exactonline/services/users/users.go:144.9,147.3 2 1
github.com/mcnijman/go-exactonline/services/vat/service.go:28.55,37.2 5 5
github.com/mcnijman/go-exactonline/services/vat/vat_codes.go:153.99,156.9 3 2
github.com/mcnijman/go-exactonline/services/vat/vat_codes.go:160.2,161.22 2 1
github.com/mcnijman/go-exactonline/services/vat/vat_codes.go:156.9,159.3 2 1
github.com/mcnijman/go-exactonline/services/vat/vat_percentages.go:72.111,75.9 3 2
github.com/mcnijman/go-exactonline/services/vat/vat_percentages.go:79.2,80.22 2 1
github.com/mcnijman/go-exactonline/services/vat/vat_percentages.go:75.9,78.3 2 1
github.com/mcnijman/go-exactonline/services/webhooks/service.go:27.65,35.2 4 3
github.com/mcnijman/go-exactonline/services/webhooks/webhook_subscriptions.go:57.123,60.9 3 2
github.com/mcnijman/go-exactonline/services/webhooks/webhook_subscriptions.go:64.2,65.22 2 1
github.com/mcnijman/go-exactonline/services/webhooks/webhook_subscriptions.go:60.9,63.3 2 1
github.com/mcnijman/go-exactonline/services/workflow/service.go:27.65,35.2 4 3
github.com/mcnijman/go-exactonline/services/workflow/request_attachments.go:48.119,51.9 3 2
github.com/mcnijman/go-exactonline/services/workflow/request_attachments.go:55.2,56.22 2 1
github.com/mcnijman/go-exactonline/services/workflow/request_attachments.go:51.9,54.3 2 1
github.com/mcnijman/go-exactonline/types/date.go:20.29,22.2 1 7
github.com/mcnijman/go-exactonline/types/date.go:26.46,29.13 3 3
github.com/mcnijman/go-exactonline/types/date.go:34.2,35.16 2 1
github.com/mcnijman/go-exactonline/types/date.go:39.2,40.12 2 1
github.com/mcnijman/go-exactonline/types/date.go:29.13,32.3 2 2
github.com/mcnijman/go-exactonline/types/date.go:35.16,37.3 1 0
github.com/mcnijman/go-exactonline/types/date.go:45.46,46.16 1 2
github.com/mcnijman/go-exactonline/types/date.go:50.2,50.29 1 1
github.com/mcnijman/go-exactonline/types/date.go:46.16,48.3 1 1
github.com/mcnijman/go-exactonline/types/guid.go:16.21,18.2 1 4
github.com/mcnijman/go-exactonline/types/guid.go:27.46,31.2 3 1
github.com/mcnijman/go-exactonline/types/guid.go:35.46,37.2 1 1
github.com/mcnijman/go-exactonline/types/guid.go:39.32,40.24 1 3
github.com/mcnijman/go-exactonline/types/guid.go:43.2,43.24 1 2
github.com/mcnijman/go-exactonline/types/guid.go:40.24,42.3 1 1
github.com/mcnijman/go-exactonline/types/url.go:21.45,24.16 3 3
github.com/mcnijman/go-exactonline/types/url.go:27.2,27.12 1 3
github.com/mcnijman/go-exactonline/types/url.go:24.16,26.3 1 3
github.com/mcnijman/go-exactonline/types/url.go:32.45,34.2 1 1
